03/17/2020 13:53:02.188: Server restart successful. Waiting for apps to be up ...
03/17/2020 13:53:31.301: Welcome to python programming ...
03/17/2020 13:53:36.293: Successfully deployed app. Restarting server ...
03/17/2020 13:53:39.747: 5!=3, values mismatch :(
03/17/2020 13:53:43.378: Java is being overtaken by python!
03/17/2020 13:53:50.176: Successfully deployed app. Restarting server ...
03/17/2020 13:53:54.695: Server restart successful. Waiting for apps to be up ...
03/17/2020 13:53:57.805: Java is being overtaken by python!
03/17/2020 13:54:00.693: Java is being overtaken by python!
03/17/2020 13:54:05.126: Java is being overtaken by python!
03/17/2020 13:54:08.523: Java is being overtaken by python!
03/17/2020 13:54:12.457: 5!=3, values mismatch :(
03/17/2020 13:55:00.431: Successfully deployed app. Restarting server ...
03/17/2020 13:56:27.021: Welcome to python programming ...
03/17/2020 13:58:28.951: Welcome to python programming ...
03/17/2020 14:00:57.098: Successfully deployed app. Restarting server ...
03/17/2020 14:00:57.099: Successfully deployed app. Restarting server ...
03/17/2020 14:00:58.099: Successfully deployed app. Restarting server ...
03/17/2020 14:00:59.099: Successfully deployed app. Restarting server ...
03/17/2020 14:00:59.099: Successfully deployed app. Restarting server ...
03/17/2020 14:00:59.099: Successfully deployed app. Restarting server ...
03/17/2020 15:00:59.099: Successfully deployed app. Restarting server ...
03/17/2020 15:01:59.099: Successfully deployed app. Restarting server ...
03/17/2020 15:02:59.099: Successfully deployed app. Restarting server ...
03/17/2020 15:03:59.099: Successfully deployed app. Restarting server ...
03/17/2020 15:04:59.099: Successfully deployed app. Restarting server ...
03/17/2020 15:04:59.099: Successfully deployed app. Restarting server ...
03/17/2020 15:04:59.099: Successfully deployed app. Restarting server ...
03/17/2020 15:04:59.099: Successfully deployed app. Restarting server ...
03/17/2020 15:04:59.099: Successfully deployed app. Restarting server ...
03/17/2020 15:04:59.099: Successfully deployed app. Restarting server ...
03/17/2020 15:04:59.099: Successfully deployed app. Restarting server ...
03/17/2020 15:04:59.099: Successfully deployed app. Restarting server ...
